<?xml version="1.0" encoding="UTF-8"?>
<!-- Generated by org.testng.reporters.JUnitXMLReporter -->
<testsuite ignored="0" hostname="LAPTOP-FEFQTV48" failures="0" tests="4" name="Test" time="11.711" errors="0" timestamp="2024-09-11T17:12:39 IST">
  <testcase classname="com.myntrajio.RegisterTest.RegisterTest" name="registerValidData" time="8.083"/>
  <testcase classname="com.myntrajio.RegisterTest.RegisterTest" name="vaildRegisterButtonColor" time="0.004"/>
  <testcase classname="com.myntrajio.RegisterTest.RegisterTest" name="vaildRegisterButtonPostion" time="0.002"/>
  <testcase classname="com.myntrajio.RegisterTest.RegisterTest" name="vaildRegisterButtonSize" time="0.003"/>
</testsuite> <!-- Test -->
