<?xml version="1.0" encoding="UTF-8"?>
<!-- Generated by org.testng.reporters.JUnitXMLReporter -->
<testsuite ignored="0" hostname="LAPTOP-FEFQTV48" failures="0" tests="2" name="Test" time="0.858" errors="0" timestamp="2024-09-11T16:39:07 IST">
  <testcase classname="com.myntrajio.generic.commonlibrary.BaseTest" name="@BeforeClass browsersetup" time="0.006">
    <failure type="java.lang.NullPointerException" message="Cannot invoke &amp;quot;com.aventstack.extentreports.ExtentTest.log(com.aventstack.extentreports.Status, String)&amp;quot; because &amp;quot;this.test&amp;quot; is null">
      <![CDATA[java.lang.NullPointerException: Cannot invoke "com.aventstack.extentreports.ExtentTest.log(com.aventstack.extentreports.Status, String)" because "this.test" is null
at com.myntrajio.generic.commonlibrary.BaseTest.browsersetup(BaseTest.java:35)
at java.base/java.util.ArrayList.forEach(ArrayList.java:1511)
... Removed 25 stack frames]]>
    </failure>
  </testcase> <!-- @BeforeClass browsersetup -->
  <testcase classname="com.myntrajio.generic.commonlibrary.BaseTest" name="@BeforeMethod login" time="0.0">
    <skipped/>
  </testcase> <!-- @BeforeMethod login -->
  <testcase classname="com.myntrajio.generic.commonlibrary.BaseTest" name="@AfterMethod Logout" time="0.0">
    <skipped/>
  </testcase> <!-- @AfterMethod Logout -->
  <testcase classname="com.myntrajio.generic.commonlibrary.BaseTest" name="@BeforeMethod login" time="0.0">
    <skipped/>
  </testcase> <!-- @BeforeMethod login -->
  <testcase classname="com.myntrajio.generic.commonlibrary.BaseTest" name="@AfterMethod Logout" time="0.0">
    <skipped/>
  </testcase> <!-- @AfterMethod Logout -->
  <testcase classname="com.myntrajio.generic.commonlibrary.BaseTest" name="@AfterClass closebrowser" time="0.0">
    <skipped/>
  </testcase> <!-- @AfterClass closebrowser -->
  <testcase classname="com.myntrajio.RegisterTest.RegisterTest" name="registerValidData" time="0.0">
    <skipped/>
  </testcase> <!-- registerValidData -->
  <testcase classname="com.myntrajio.RegisterTest.RegisterTest" name="vaildRegisterButtonColor" time="0.0">
    <skipped/>
  </testcase> <!-- vaildRegisterButtonColor -->
</testsuite> <!-- Test -->
