<?xml version="1.0" encoding="UTF-8"?>
<!-- Generated by org.testng.reporters.JUnitXMLReporter -->
<testsuite ignored="0" hostname="LAPTOP-FEFQTV48" failures="0" tests="1" name="Test" time="1.661" errors="0" timestamp="2024-08-24T15:55:29 IST">
  <testcase classname="com.myntrajio.generic.commonlibrary.BaseTest" name="@BeforeClass browsersetup" time="1.613">
    <failure type="java.lang.NullPointerException" message="Cannot invoke &amp;quot;java.util.Properties.load(java.io.InputStream)&amp;quot; because &amp;quot;this.property&amp;quot; is null">
      <![CDATA[java.lang.NullPointerException: Cannot invoke "java.util.Properties.load(java.io.InputStream)" because "this.property" is null
at com.myntrajio.generic.propertyfilelibrary.ReadPropertyFileLibrary.readData(ReadPropertyFileLibrary.java:32)
at com.myntrajio.generic.commonlibrary.BaseTest.browsersetup(BaseTest.java:38)
at java.base/java.util.ArrayList.forEach(ArrayList.java:1511)
... Removed 25 stack frames]]>
    </failure>
  </testcase> <!-- @BeforeClass browsersetup -->
  <testcase classname="com.myntrajio.generic.commonlibrary.BaseTest" name="@BeforeMethod login" time="0.0">
    <skipped/>
  </testcase> <!-- @BeforeMethod login -->
  <testcase classname="com.myntrajio.generic.commonlibrary.BaseTest" name="@AfterMethod Logout" time="0.0">
    <skipped/>
  </testcase> <!-- @AfterMethod Logout -->
  <testcase classname="com.myntrajio.generic.commonlibrary.BaseTest" name="@AfterClass closebrowser" time="0.0">
    <skipped/>
  </testcase> <!-- @AfterClass closebrowser -->
  <testcase classname="com.myntrajio.RegisterTest.RegisterTest" name="registerValidData" time="0.0">
    <skipped/>
  </testcase> <!-- registerValidData -->
</testsuite> <!-- Test -->
