<?xml version="1.0" encoding="UTF-8"?>
<!-- Generated by org.testng.reporters.JUnitXMLReporter -->
<testsuite ignored="0" hostname="LAPTOP-FEFQTV48" failures="0" tests="4" name="ChromeTest" time="0.123" errors="0" timestamp="2024-08-15T12:38:08 IST">
  <testcase classname="com.myntrajio.RegisterTest.RegisterTest" name="registerValidData" time="0.015"/>
  <testcase classname="com.myntrajio.ElectronicProductTest.ElectronicProductTest" name="addProduct" time="0.001"/>
  <testcase classname="com.myntrajio.ElectronicProductTest.ElectronicProductTest" name="removeProduct" time="0.002"/>
  <testcase classname="com.myntrajio.ElectronicProductTest.ElectronicProductTest" name="updateProduct" time="0.002"/>
</testsuite> <!-- ChromeTest -->
